[debug] [2023-05-17T14:13:40.223Z] ----------------------------------------------------------------------
[debug] [2023-05-17T14:13:40.227Z] Command:       C:\Program Files\nodejs\node.exe C:\Users\Parsa\AppData\Roaming\npm\node_modules\firebase-tools\lib\bin\firebase.js deploy
[debug] [2023-05-17T14:13:40.227Z] CLI Version:   12.0.1
[debug] [2023-05-17T14:13:40.228Z] Platform:      win32
[debug] [2023-05-17T14:13:40.228Z] Node Version:  v18.12.1
[debug] [2023-05-17T14:13:40.230Z] Time:          Wed May 17 2023 17:43:40 GMT+0330 (Iran Standard Time)
[debug] [2023-05-17T14:13:40.230Z] ----------------------------------------------------------------------
[debug] 
[debug] [2023-05-17T14:13:40.235Z] >>> [apiv2][query] GET https://firebase-public.firebaseio.com/cli.json [none]
[debug] [2023-05-17T14:13:40.426Z] > command requires scopes: ["email","openid","https://www.googleapis.com/auth/cloudplatformprojects.readonly","https://www.googleapis.com/auth/firebase","https://www.googleapis.com/auth/cloud-platform"]
[debug] [2023-05-17T14:13:40.427Z] > authorizing via signed-in user (pachavoship82@gmail.com)
[debug] [2023-05-17T14:13:40.427Z] [iam] checking project foodinoo-99a12 for permissions ["firebase.projects.get","firebasehosting.sites.update"]
[debug] [2023-05-17T14:13:40.429Z] > refreshing access token with scopes: []
[debug] [2023-05-17T14:13:40.431Z] >>> [apiv2][query] POST https://www.googleapis.com/oauth2/v3/token [none]
[debug] [2023-05-17T14:13:40.432Z] >>> [apiv2][body] POST https://www.googleapis.com/oauth2/v3/token [omitted]
[warn] !  Unable to fetch the CLI MOTD and remote config. 
[debug] [2023-05-17T14:13:43.890Z] Failed to fetch MOTD FirebaseError: Failed to make request to https://firebase-public.firebaseio.com/cli.json
[debug] [2023-05-17T14:13:56.383Z] [iam] error while checking permissions, command may fail: FirebaseError: Authentication Error: Your credentials are no longer valid. Please run firebase login --reauth

For CI servers and headless environments, generate a new token with firebase login:ci
[debug] [2023-05-17T14:13:56.384Z] > refreshing access token with scopes: []
[debug] [2023-05-17T14:13:56.385Z] >>> [apiv2][query] POST https://www.googleapis.com/oauth2/v3/token [none]
[debug] [2023-05-17T14:13:56.385Z] >>> [apiv2][body] POST https://www.googleapis.com/oauth2/v3/token [omitted]
[debug] [2023-05-17T14:14:12.021Z] Authentication Error: Your credentials are no longer valid. Please run firebase login --reauth

For CI servers and headless environments, generate a new token with firebase login:ci
[debug] [2023-05-17T14:14:12.402Z] FirebaseError: Authentication Error: Your credentials are no longer valid. Please run firebase login --reauth

For CI servers and headless environments, generate a new token with firebase login:ci
    at invalidCredentialError (C:\Users\Parsa\AppData\Roaming\npm\node_modules\firebase-tools\lib\auth.js:144:12)
    at refreshTokens (C:\Users\Parsa\AppData\Roaming\npm\node_modules\firebase-tools\lib\auth.js:508:15)
    at process.processTicksAndRejections (node:internal/process/task_queues:95:5)
    at async Client.getAccessToken (C:\Users\Parsa\AppData\Roaming\npm\node_modules\firebase-tools\lib\apiv2.js:149:23)
    at async Client.addAuthHeader (C:\Users\Parsa\AppData\Roaming\npm\node_modules\firebase-tools\lib\apiv2.js:140:21)
    at async Client.request (C:\Users\Parsa\AppData\Roaming\npm\node_modules\firebase-tools\lib\apiv2.js:96:34)
    at async getFirebaseProject (C:\Users\Parsa\AppData\Roaming\npm\node_modules\firebase-tools\lib\management\projects.js:295:21)
    at async getDefaultHostingSite (C:\Users\Parsa\AppData\Roaming\npm\node_modules\firebase-tools\lib\getDefaultHostingSite.js:10:21)
    at async requireHostingSite (C:\Users\Parsa\AppData\Roaming\npm\node_modules\firebase-tools\lib\requireHostingSite.js:9:18)
    at async Object.fn (C:\Users\Parsa\AppData\Roaming\npm\node_modules\firebase-tools\lib\commands\deploy.js:74:9)
[error] 
[error] Error: Failed to get Firebase project foodinoo-99a12. Please make sure the project exists and your account has permission to access it.
